<?xml version="1.0" encoding="UTF-8"?>
<!-- Generated by org.testng.reporters.JUnitReportReporter -->
<testsuite skipped="0" hostname="Lenovo" name="com.Amazon.Testcases.SearchBookTest" tests="1" failures="0" timestamp="07 Aug 2018 14:40:37 GMT" time="23.921" errors="0">
  <testcase name="searchgivenbookTest" time="23.921" classname="com.Amazon.Testcases.SearchBookTest"/>
</testsuite> <!-- com.Amazon.Testcases.SearchBookTest -->
